SF:lib/data/datasources/local/theme/theme_local_datasource.dart
DA:8,2
DA:9,3
DA:12,1
DA:17,1
DA:18,2
DA:19,1
DA:20,1
DA:24,1
DA:25,2
DA:26,2
LF:10
LH:10
end_of_record
SF:lib/external/local_storage/preference_local_storage.dart
DA:6,6
DA:7,7
DA:11,1
DA:12,2
DA:13,1
DA:17,1
DA:18,2
DA:19,1
DA:23,1
DA:27,2
DA:28,2
DA:32,1
DA:33,2
DA:34,2
DA:38,1
DA:39,2
DA:40,2
LF:17
LH:17
end_of_record
SF:lib/constancts.dart
DA:7,4
LF:1
LH:1
end_of_record
SF:lib/data/datasources/local/task/task_local_datasource.dart
DA:10,6
DA:11,8
DA:14,2
DA:20,1
DA:21,3
DA:23,3
DA:24,1
DA:25,3
DA:29,1
DA:31,3
DA:32,1
DA:33,2
DA:34,3
DA:36,1
DA:37,1
DA:38,1
DA:45,1
DA:46,3
DA:47,1
DA:48,1
DA:49,1
DA:54,1
DA:55,3
DA:56,1
DA:57,2
DA:60,3
DA:61,2
DA:62,3
LF:28
LH:28
end_of_record
SF:lib/domain/entities/task.g.dart
DA:9,2
DA:10,1
DA:11,1
DA:12,1
DA:13,1
DA:14,1
DA:15,1
DA:18,2
DA:19,1
DA:20,1
DA:21,1
DA:22,1
DA:23,1
DA:24,1
LF:14
LH:14
end_of_record
SF:lib/domain/entities/task.dart
DA:17,2
LF:1
LH:1
end_of_record
SF:lib/data/repositories/task_repository.dart
DA:8,9
DA:9,4
DA:14,1
DA:16,0
DA:18,0
DA:21,0
DA:23,0
DA:26,0
DA:28,0
DA:31,0
DA:33,0
LF:11
LH:3
end_of_record
SF:lib/domain/usecase/task/create_task_usecase.dart
DA:12,3
DA:13,4
DA:16,1
DA:20,1
DA:21,1
DA:23,1
DA:24,0
DA:25,0
DA:27,1
DA:29,1
DA:30,1
DA:31,1
DA:32,1
DA:35,3
LF:14
LH:12
end_of_record
SF:lib/domain/usecase/task/update_task_usecase.dart
DA:8,6
DA:9,8
DA:12,2
DA:16,1
DA:17,1
DA:18,1
DA:19,1
DA:20,1
DA:21,1
DA:22,1
DA:23,1
DA:25,3
LF:12
LH:12
end_of_record
SF:lib/presentation/todo/todo_viewmodel.dart
DA:10,2
DA:11,3
DA:12,2
DA:13,2
DA:14,2
DA:18,1
DA:25,0
DA:26,0
DA:30,0
DA:31,0
DA:34,0
DA:35,0
DA:36,0
DA:37,0
DA:38,0
DA:39,0
DA:40,0
DA:41,0
DA:43,0
DA:46,1
DA:51,1
DA:54,1
DA:55,5
DA:57,1
DA:58,5
DA:60,1
DA:61,5
DA:68,2
DA:69,2
DA:70,2
DA:71,1
LF:31
LH:18
end_of_record
SF:lib/domain/usecase/task/delete_task_usecase.dart
DA:6,3
DA:7,4
DA:10,1
DA:14,0
DA:15,0
LF:5
LH:3
end_of_record
SF:lib/domain/usecase/task/get_tasks_usecase.dart
DA:7,3
DA:8,4
DA:11,1
DA:15,0
DA:16,0
LF:5
LH:3
end_of_record
